0 info it worked if it ends with ok
1 verbose cli [ '/usr/bin/node', '/usr/bin/npm', 'install', '-g', 'jshint' ]
2 info using npm@1.2.32
3 info using node@v0.10.12
4 verbose node symlink /usr/bin/node
5 verbose read json /usr/lib/package.json
6 verbose read json /usr/lib/package.json
7 verbose cache add [ 'jshint', null ]
8 verbose cache add name=undefined spec="jshint" args=["jshint",null]
9 verbose parsed url { protocol: null,
9 verbose parsed url   slashes: null,
9 verbose parsed url   auth: null,
9 verbose parsed url   host: null,
9 verbose parsed url   port: null,
9 verbose parsed url   hostname: null,
9 verbose parsed url   hash: null,
9 verbose parsed url   search: null,
9 verbose parsed url   query: null,
9 verbose parsed url   pathname: 'jshint',
9 verbose parsed url   path: 'jshint',
9 verbose parsed url   href: 'jshint' }
10 silly lockFile da5c03cb-jshint jshint
11 verbose lock jshint /home/ubuntu/.npm/da5c03cb-jshint.lock
12 silly lockFile da5c03cb-jshint jshint
13 silly lockFile da5c03cb-jshint jshint
14 verbose addNamed [ 'jshint', '' ]
15 verbose addNamed [ null, '' ]
16 silly lockFile a02a2468-jshint jshint@
17 verbose lock jshint@ /home/ubuntu/.npm/a02a2468-jshint.lock
18 silly addNameRange { name: 'jshint', range: '', hasData: false }
19 verbose url raw jshint
20 verbose url resolving [ 'https://registry.npmjs.org/', './jshint' ]
21 verbose url resolved https://registry.npmjs.org/jshint
22 info trying registry request attempt 1 at 03:16:45
23 verbose etag "QV7SEN9DBA02OPY29AL1MSBN"
24 http GET https://registry.npmjs.org/jshint
25 http 200 https://registry.npmjs.org/jshint
26 silly registry.get cb [ 200,
26 silly registry.get   { vary: 'Accept',
26 silly registry.get     server: 'CouchDB/1.3.0 (Erlang OTP/R15B03)',
26 silly registry.get     etag: '"AQ1WERZA7X0BK6NCRZHF1RHAU"',
26 silly registry.get     date: 'Mon, 05 Aug 2013 03:16:46 GMT',
26 silly registry.get     'content-type': 'application/json',
26 silly registry.get     'content-length': '160978' } ]
27 silly addNameRange number 2 { name: 'jshint', range: '', hasData: true }
28 silly addNameRange versions [ 'jshint',
28 silly addNameRange   [ '0.1.8',
28 silly addNameRange     '0.1.9',
28 silly addNameRange     '0.2.0',
28 silly addNameRange     '0.2.1',
28 silly addNameRange     '0.2.2',
28 silly addNameRange     '0.2.3',
28 silly addNameRange     '0.3.0',
28 silly addNameRange     '0.3.1',
28 silly addNameRange     '0.4.0',
28 silly addNameRange     '0.5.0',
28 silly addNameRange     '0.5.1',
28 silly addNameRange     '0.5.2',
28 silly addNameRange     '0.5.3',
28 silly addNameRange     '0.5.4',
28 silly addNameRange     '0.5.5',
28 silly addNameRange     '0.5.6',
28 silly addNameRange     '0.5.7',
28 silly addNameRange     '0.5.8',
28 silly addNameRange     '0.5.9',
28 silly addNameRange     '0.6.0',
28 silly addNameRange     '0.6.1',
28 silly addNameRange     '0.6.2',
28 silly addNameRange     '0.6.3',
28 silly addNameRange     '0.7.0',
28 silly addNameRange     '0.7.1',
28 silly addNameRange     '0.7.2',
28 silly addNameRange     '0.7.3',
28 silly addNameRange     '0.8.0',
28 silly addNameRange     '0.8.1',
28 silly addNameRange     '0.8.2',
28 silly addNameRange     '0.9.0',
28 silly addNameRange     '0.9.1',
28 silly addNameRange     '1.0.0',
28 silly addNameRange     '1.1.0',
28 silly addNameRange     '2.0.0',
28 silly addNameRange     '2.0.1',
28 silly addNameRange     '2.1.0',
28 silly addNameRange     '2.1.1',
28 silly addNameRange     '2.1.2',
28 silly addNameRange     '2.1.3',
28 silly addNameRange     '2.1.4',
28 silly addNameRange     '2.1.5',
28 silly addNameRange     '2.1.6',
28 silly addNameRange     '2.1.7',
28 silly addNameRange     '2.1.8',
28 silly addNameRange     '2.1.9' ] ]
29 verbose addNamed [ 'jshint', '2.1.9' ]
30 verbose addNamed [ '2.1.9', '2.1.9' ]
31 silly lockFile ee765212-jshint-2-1-9 jshint@2.1.9
32 verbose lock jshint@2.1.9 /home/ubuntu/.npm/ee765212-jshint-2-1-9.lock
33 silly lockFile 1648aeb1-pmjs-org-jshint-jshint-2-1-9-tgz https://registry.npmjs.org/jshint/-/jshint-2.1.9.tgz
34 verbose lock https://registry.npmjs.org/jshint/-/jshint-2.1.9.tgz /home/ubuntu/.npm/1648aeb1-pmjs-org-jshint-jshint-2-1-9-tgz.lock
35 verbose addRemoteTarball [ 'https://registry.npmjs.org/jshint/-/jshint-2.1.9.tgz',
35 verbose addRemoteTarball   '65cdbb2302cbf27e45db0066669b5d5e74f66465' ]
36 info retry fetch attempt 1 at 03:16:46
37 verbose fetch to= /home/ubuntu/tmp/npm-1326/1375672606357-0.9026993045117706/tmp.tgz
38 http GET https://registry.npmjs.org/jshint/-/jshint-2.1.9.tgz
39 http 200 https://registry.npmjs.org/jshint/-/jshint-2.1.9.tgz
40 verbose tar unpack /home/ubuntu/tmp/npm-1326/1375672606357-0.9026993045117706/tmp.tgz
41 silly lockFile 050e1b7d-06357-0-9026993045117706-package tar:///home/ubuntu/tmp/npm-1326/1375672606357-0.9026993045117706/package
42 verbose lock tar:///home/ubuntu/tmp/npm-1326/1375672606357-0.9026993045117706/package /home/ubuntu/.npm/050e1b7d-06357-0-9026993045117706-package.lock
43 silly lockFile 8c9ee415-06357-0-9026993045117706-tmp-tgz tar:///home/ubuntu/tmp/npm-1326/1375672606357-0.9026993045117706/tmp.tgz
44 verbose lock tar:///home/ubuntu/tmp/npm-1326/1375672606357-0.9026993045117706/tmp.tgz /home/ubuntu/.npm/8c9ee415-06357-0-9026993045117706-tmp-tgz.lock
45 silly gunzTarPerm modes [ '755', '644' ]
46 silly gunzTarPerm extractEntry package.json
47 silly gunzTarPerm extractEntry README.md
48 silly gunzTarPerm extractEntry bin/jshint
49 silly gunzTarPerm extractEntry src/cli/cli.js
50 silly gunzTarPerm extractEntry src/platforms/rhino.js
51 silly gunzTarPerm extractEntry src/reporters/checkstyle.js
52 silly gunzTarPerm extractEntry src/reporters/default.js
53 silly gunzTarPerm extractEntry src/reporters/jslint_xml.js
54 silly gunzTarPerm extractEntry src/reporters/non_error.js
55 silly gunzTarPerm extractEntry src/shared/messages.js
56 silly gunzTarPerm extractEntry src/shared/vars.js
57 silly gunzTarPerm extractEntry src/stable/jshint.js
58 silly gunzTarPerm extractEntry src/stable/lex.js
59 silly gunzTarPerm extractEntry src/stable/reg.js
60 silly gunzTarPerm extractEntry src/stable/state.js
61 silly gunzTarPerm extractEntry src/stable/style.js
62 verbose read json /home/ubuntu/tmp/npm-1326/1375672606357-0.9026993045117706/package/package.json
63 silly lockFile 050e1b7d-06357-0-9026993045117706-package tar:///home/ubuntu/tmp/npm-1326/1375672606357-0.9026993045117706/package
64 silly lockFile 050e1b7d-06357-0-9026993045117706-package tar:///home/ubuntu/tmp/npm-1326/1375672606357-0.9026993045117706/package
65 silly lockFile 8c9ee415-06357-0-9026993045117706-tmp-tgz tar:///home/ubuntu/tmp/npm-1326/1375672606357-0.9026993045117706/tmp.tgz
66 silly lockFile 8c9ee415-06357-0-9026993045117706-tmp-tgz tar:///home/ubuntu/tmp/npm-1326/1375672606357-0.9026993045117706/tmp.tgz
67 verbose from cache /home/ubuntu/tmp/npm-1326/1375672606357-0.9026993045117706/package/package.json
68 verbose tar pack [ '/home/ubuntu/.npm/jshint/2.1.9/package.tgz',
68 verbose tar pack   '/home/ubuntu/tmp/npm-1326/1375672606357-0.9026993045117706/package' ]
69 verbose tarball /home/ubuntu/.npm/jshint/2.1.9/package.tgz
70 verbose folder /home/ubuntu/tmp/npm-1326/1375672606357-0.9026993045117706/package
71 silly lockFile 050e1b7d-06357-0-9026993045117706-package tar:///home/ubuntu/tmp/npm-1326/1375672606357-0.9026993045117706/package
72 verbose lock tar:///home/ubuntu/tmp/npm-1326/1375672606357-0.9026993045117706/package /home/ubuntu/.npm/050e1b7d-06357-0-9026993045117706-package.lock
73 silly lockFile cecd89ef-ntu-npm-jshint-2-1-9-package-tgz tar:///home/ubuntu/.npm/jshint/2.1.9/package.tgz
74 verbose lock tar:///home/ubuntu/.npm/jshint/2.1.9/package.tgz /home/ubuntu/.npm/cecd89ef-ntu-npm-jshint-2-1-9-package-tgz.lock
75 silly lockFile 050e1b7d-06357-0-9026993045117706-package tar:///home/ubuntu/tmp/npm-1326/1375672606357-0.9026993045117706/package
76 silly lockFile 050e1b7d-06357-0-9026993045117706-package tar:///home/ubuntu/tmp/npm-1326/1375672606357-0.9026993045117706/package
77 silly lockFile cecd89ef-ntu-npm-jshint-2-1-9-package-tgz tar:///home/ubuntu/.npm/jshint/2.1.9/package.tgz
78 silly lockFile cecd89ef-ntu-npm-jshint-2-1-9-package-tgz tar:///home/ubuntu/.npm/jshint/2.1.9/package.tgz
79 silly lockFile 94a41d1d--ubuntu-npm-jshint-2-1-9-package /home/ubuntu/.npm/jshint/2.1.9/package
80 verbose lock /home/ubuntu/.npm/jshint/2.1.9/package /home/ubuntu/.npm/94a41d1d--ubuntu-npm-jshint-2-1-9-package.lock
81 silly lockFile 94a41d1d--ubuntu-npm-jshint-2-1-9-package /home/ubuntu/.npm/jshint/2.1.9/package
82 silly lockFile 94a41d1d--ubuntu-npm-jshint-2-1-9-package /home/ubuntu/.npm/jshint/2.1.9/package
83 verbose tar unpack /home/ubuntu/.npm/jshint/2.1.9/package.tgz
84 silly lockFile 55f6c91a--ubuntu-npm-jshint-2-1-9-package tar:///home/ubuntu/.npm/jshint/2.1.9/package
85 verbose lock tar:///home/ubuntu/.npm/jshint/2.1.9/package /home/ubuntu/.npm/55f6c91a--ubuntu-npm-jshint-2-1-9-package.lock
86 silly lockFile cecd89ef-ntu-npm-jshint-2-1-9-package-tgz tar:///home/ubuntu/.npm/jshint/2.1.9/package.tgz
87 verbose lock tar:///home/ubuntu/.npm/jshint/2.1.9/package.tgz /home/ubuntu/.npm/cecd89ef-ntu-npm-jshint-2-1-9-package-tgz.lock
88 silly gunzTarPerm modes [ '755', '644' ]
89 silly gunzTarPerm extractEntry package.json
90 silly gunzTarPerm extractEntry README.md
91 silly gunzTarPerm extractEntry bin/jshint
92 silly gunzTarPerm extractEntry src/cli/cli.js
93 silly gunzTarPerm extractEntry src/platforms/rhino.js
94 silly gunzTarPerm extractEntry src/reporters/checkstyle.js
95 silly gunzTarPerm extractEntry src/reporters/default.js
96 silly gunzTarPerm extractEntry src/reporters/jslint_xml.js
97 silly gunzTarPerm extractEntry src/reporters/non_error.js
98 silly gunzTarPerm extractEntry src/shared/messages.js
99 silly gunzTarPerm extractEntry src/shared/vars.js
100 silly gunzTarPerm extractEntry src/stable/jshint.js
101 silly gunzTarPerm extractEntry src/stable/lex.js
102 silly gunzTarPerm extractEntry src/stable/reg.js
103 silly gunzTarPerm extractEntry src/stable/state.js
104 silly gunzTarPerm extractEntry src/stable/style.js
105 verbose read json /home/ubuntu/.npm/jshint/2.1.9/package/package.json
106 silly lockFile 55f6c91a--ubuntu-npm-jshint-2-1-9-package tar:///home/ubuntu/.npm/jshint/2.1.9/package
107 silly lockFile 55f6c91a--ubuntu-npm-jshint-2-1-9-package tar:///home/ubuntu/.npm/jshint/2.1.9/package
108 silly lockFile cecd89ef-ntu-npm-jshint-2-1-9-package-tgz tar:///home/ubuntu/.npm/jshint/2.1.9/package.tgz
109 silly lockFile cecd89ef-ntu-npm-jshint-2-1-9-package-tgz tar:///home/ubuntu/.npm/jshint/2.1.9/package.tgz
110 verbose from cache /home/ubuntu/.npm/jshint/2.1.9/package/package.json
111 verbose chmod /home/ubuntu/.npm/jshint/2.1.9/package.tgz 644
112 verbose chown /home/ubuntu/.npm/jshint/2.1.9/package.tgz [ 1000, 1000 ]
113 silly lockFile 1648aeb1-pmjs-org-jshint-jshint-2-1-9-tgz https://registry.npmjs.org/jshint/-/jshint-2.1.9.tgz
114 silly lockFile 1648aeb1-pmjs-org-jshint-jshint-2-1-9-tgz https://registry.npmjs.org/jshint/-/jshint-2.1.9.tgz
115 silly lockFile ee765212-jshint-2-1-9 jshint@2.1.9
116 silly lockFile ee765212-jshint-2-1-9 jshint@2.1.9
117 silly lockFile a02a2468-jshint jshint@
118 silly lockFile a02a2468-jshint jshint@
119 silly resolved [ { name: 'jshint',
119 silly resolved     version: '2.1.9',
119 silly resolved     homepage: 'http://jshint.com/',
119 silly resolved     description: 'Static analysis tool for JavaScript',
119 silly resolved     author:
119 silly resolved      { name: 'Anton Kovalyov',
119 silly resolved        email: 'anton@kovalyov.net',
119 silly resolved        url: 'http://anton.kovalyov.net/' },
119 silly resolved     repository: { type: 'git', url: 'https://github.com/jshint/jshint.git' },
119 silly resolved     bugs: { url: 'https://github.com/jshint/jshint/issues' },
119 silly resolved     bin: { jshint: './bin/jshint' },
119 silly resolved     scripts:
119 silly resolved      { build: 'node make.js build',
119 silly resolved        test: 'nodeunit tests tests/stable/regression tests/stable/unit',
119 silly resolved        pretest: 'jshint --config=jshint.json src' },
119 silly resolved     main: './src/stable/jshint.js',
119 silly resolved     dependencies:
119 silly resolved      { shelljs: '0.1.x',
119 silly resolved        underscore: '1.4.x',
119 silly resolved        cli: '0.4.x',
119 silly resolved        minimatch: '0.x.x',
119 silly resolved        'console-browserify': '0.1.x' },
119 silly resolved     devDependencies:
119 silly resolved      { jshint: '2.1.x',
119 silly resolved        shelljs: '0.1.x',
119 silly resolved        browserify: '2.12.x',
119 silly resolved        coveraje: '0.2.x',
119 silly resolved        nodeunit: '0.8.x',
119 silly resolved        sinon: '1.7.x' },
119 silly resolved     licenses: [ [Object] ],
119 silly resolved     preferGlobal: true,
119 silly resolved     files: [ 'bin', 'src' ],
119 silly resolved     readme: 'JSHint, A Static Code Analysis Tool for JavaScript\n--------------------------------------------------\n\n\\[ [Use it online](http://jshint.com/) •  [About](http://jshint.com/about/) • \n[Docs](http://jshint.com/docs/) • [FAQ](http://jshint.com/docs/faq) • \n[Install](http://jshint.com/install/) • [Hack](http://jshint.com/hack/) • \n[Blog](http://jshint.com/blog/) • [Twitter](https://twitter.com/jshint/) \\]\n\n[![Build Status](https://travis-ci.org/jshint/jshint.png?branch=master)](https://travis-ci.org/jshint/jshint)\n[![NPM version](https://badge.fury.io/js/jshint.png)](http://badge.fury.io/js/jshint)\n\nJSHint is a community-driven tool to detect errors and potential problems\nin JavaScript code and to enforce your team’s coding conventions. It is\nvery flexible so you can easily adjust it to your particular coding guidelines\nand the environment you expect your code to execute in.\n\n#### Reporting a bug\n\nTo report a bug simply create a\n[new GitHub Issue](https://github.com/jshint/jshint/issues/new) and describe\nyour problem or suggestion. We welcome all kind of feedback regarding\nJSHint including but not limited to:\n\n * When JSHint doesn\'t work as expected\n * When JSHint complains about valid JavaScript code that works in all browsers\n * When you simply want a new option or feature\n\nBefore reporting a bug look around to see if there are any open or closed tickets\nthat cover your issue. And remember the wisdom: pull request > bug report > tweet.\n\n\n#### License\n\nJSHint is distributed under the MIT License. One file and one file only\n(src/stable/jshint.js) is distributed under the slightly modified MIT License.\n\n\n#### Thank you!\n\nWe really appreciate all kind of feedback and contributions. Thanks for using and supporting JSHint!\n',
119 silly resolved     readmeFilename: 'README.md',
119 silly resolved     _id: 'jshint@2.1.9',
119 silly resolved     dist: { shasum: 'c8c561cd561808b07251981998c034999b7d071e' },
119 silly resolved     _from: 'jshint@',
119 silly resolved     _resolved: 'https://registry.npmjs.org/jshint/-/jshint-2.1.9.tgz' } ]
120 info install jshint@2.1.9 into /usr/lib
121 info installOne jshint@2.1.9
122 verbose from cache /home/ubuntu/.npm/jshint/2.1.9/package/package.json
123 info /usr/lib/node_modules/jshint unbuild
124 verbose read json /usr/lib/node_modules/jshint/package.json
125 verbose tar unpack /home/ubuntu/.npm/jshint/2.1.9/package.tgz
126 silly lockFile 5d4bbf58-tar-usr-lib-node-modules-jshint tar:///usr/lib/node_modules/jshint
127 verbose lock tar:///usr/lib/node_modules/jshint /home/ubuntu/.npm/5d4bbf58-tar-usr-lib-node-modules-jshint.lock
128 silly lockFile cecd89ef-ntu-npm-jshint-2-1-9-package-tgz tar:///home/ubuntu/.npm/jshint/2.1.9/package.tgz
129 verbose lock tar:///home/ubuntu/.npm/jshint/2.1.9/package.tgz /home/ubuntu/.npm/cecd89ef-ntu-npm-jshint-2-1-9-package-tgz.lock
130 silly gunzTarPerm modes [ '755', '644' ]
131 error Error: EACCES, mkdir '/usr/lib/node_modules/jshint'
131 error  { [Error: EACCES, mkdir '/usr/lib/node_modules/jshint']
131 error   errno: 3,
131 error   code: 'EACCES',
131 error   path: '/usr/lib/node_modules/jshint',
131 error   fstream_type: 'Directory',
131 error   fstream_path: '/usr/lib/node_modules/jshint',
131 error   fstream_class: 'DirWriter',
131 error   fstream_stack:
131 error    [ '/usr/lib/node_modules/npm/node_modules/fstream/lib/dir-writer.js:36:23',
131 error      '/usr/lib/node_modules/npm/node_modules/mkdirp/index.js:37:53',
131 error      'Object.oncomplete (fs.js:107:15)' ] }
132 error Please try running this command again as root/Administrator.
133 error System Linux 3.2.0-40-virtual
134 error command "/usr/bin/node" "/usr/bin/npm" "install" "-g" "jshint"
135 error cwd /home/ubuntu/bitstarter
136 error node -v v0.10.12
137 error npm -v 1.2.32
138 error path /usr/lib/node_modules/jshint
139 error fstream_path /usr/lib/node_modules/jshint
140 error fstream_type Directory
141 error fstream_class DirWriter
142 error code EACCES
143 error errno 3
144 error stack Error: EACCES, mkdir '/usr/lib/node_modules/jshint'
145 error fstream_stack /usr/lib/node_modules/npm/node_modules/fstream/lib/dir-writer.js:36:23
145 error fstream_stack /usr/lib/node_modules/npm/node_modules/mkdirp/index.js:37:53
145 error fstream_stack Object.oncomplete (fs.js:107:15)
146 verbose exit [ 3, true ]
